Debt opened: 21-07-2022 13:05:42
Debt opened: 21-07-2022 13:06:16
Debt added: [sflkjg] [342$] [l;sb] : 21-07-2022 13:06:21
Debt added: [jlkdfg] [sl;dfkg$] [ls ] : 21-07-2022 13:08:52
Debt closed: 21-07-2022 13:09:14
Debt opened: 21-07-2022 13:16:58
Debt closed: 21-07-2022 13:17:07
Debt opened: 21-07-2022 13:17:16
Debt opened: 21-07-2022 13:20:18
Debt opened: 21-07-2022 13:21:10
Debt opened: 21-07-2022 13:21:52
Debt opened: 21-07-2022 14:12:54
Debt closed: 21-07-2022 14:12:57
Debt opened: 21-07-2022 14:13:17
Debt opened: 21-07-2022 14:13:57
Debt opened: 21-07-2022 14:14:54
Debt opened: 21-07-2022 14:15:25
Debt opened: 21-07-2022 14:16:54
Debt added: [adfg] [adfg$] [21-07-2022 14:16] : 21-07-2022 14:16:59
Debt added: [sdfsdf] [412$] [21-07-2022 14:17] : 21-07-2022 14:17:38
Debt opened: 21-07-2022 14:18:01
Debt opened: 21-07-2022 14:27:26
Debt opened: 21-07-2022 14:27:33
Debt opened: 21-07-2022 14:27:48
Debt opened: 21-07-2022 14:31:22
Debt opened: 21-07-2022 14:32:00
Debt opened: 21-07-2022 14:32:53
Debt opened: 21-07-2022 14:33:51
Debt opened: 21-07-2022 14:34:58
Debt opened: 21-07-2022 14:36:53
Debt opened: 21-07-2022 14:47:23
Debt opened: 21-07-2022 14:48:51
Debt opened: 21-07-2022 14:50:47
Debt added: [dsf] [12.0$] [21-07-2022 14:50] : 21-07-2022 14:50:54
Debt opened: 21-07-2022 14:52:58
Debt opened: 21-07-2022 14:54:43
Debt opened: 21-07-2022 14:55:16
Debt opened: 21-07-2022 14:55:54
Debt opened: 21-07-2022 14:56:05
Debt added: [sdc] [123.0$] [21-07-2022 14:56] : 21-07-2022 14:56:14
